<?xml version="1.0" encoding="UTF-8"?>
<!-- Generated by org.testng.reporters.JUnitReportReporter -->
<testsuite skipped="0" hostname="DESKTOP-DQ56HI0" name="MYTestRunner.TestRunner" tests="1" failures="0" timestamp="13 Aug 2020 06:39:31 GMT" time="23.589" errors="0">
  <testcase name="feature" time="23.589" classname="MYTestRunner.TestRunner"/>
</testsuite> <!-- MYTestRunner.TestRunner -->
